Microsoft HTML Help Compiler 4.74.8702

Compiling z:\NusEnvision\Components\Delphi\neTabControl\Development\Documentation\CHM\neTabControl.chm

images\alert_caution.gif
images\alert_note.gif
images\alert_security.gif
images\book-closed.png
images\book.png
images\box.gif
images\Caution.gif
images\circle.gif
images\collall.gif
images\collapse.gif
images\collapse_all.gif
images\collapsing.png
images\copycode.gif
images\copycodeHighlight.gif
images\dropdown.gif
images\dropdownHover.gif
images\drpdown.gif
images\drpdown_orange.gif
images\drpdown_orange_up.gif
images\drpup.gif
images\exp.gif
images\expall.gif
images\expand.gif
images\expanding.png
images\expand_all.gif
images\filter1a.gif
images\filter1c.gif
images\footer-bg.png
images\footer.gif
images\gradient.gif
images\greencheck.gif
images\greychck.gif
images\header-bg.png
images\hmtoggle_plus0.gif
images\hmtoggle_plus1.gif
images\iconErrorTop.png
images\ImageSprite.png
images\LastChild.gif
images\load.gif
images\load_hover.gif
images\namespace.png
images\note.gif
images\note.png
images\pencil.GIF
images\privclass.gif
images\privdelegate.gif
images\privenum.gif
images\privenumeration.gif
images\privenummember.png
images\privevent.gif
images\privextension.gif
images\privfield.gif
images\privinterface.gif
images\privmethod.gif
images\privproperty.gif
images\privstructure.gif
images\protclass.gif
images\protdelegate.gif
images\protenum.gif
images\protenumeration.gif
images\protenummember.png
images\protevent.gif
images\protextension.gif
images\protfield.gif
images\protinterface.gif
images\protmethod.gif
images\protoperator.gif
images\protproperty.gif
images\protstructure.gif
images\pubclass.gif
images\pubdelegate.gif
images\pubenum.gif
images\pubenumeration.gif
images\pubenummember.png
images\pubevent.gif
images\pubextension.gif
images\pubfield.gif
images\pubinterface.gif
images\pubmethod.gif
images\puboperator.gif
images\pubproperty.gif
images\pubstructure.gif
images\requirements1a.gif
images\requirements1c.gif
images\save.gif
images\save_hover.gif
images\security.gif
images\seealso1a.gif
images\seealso1c.gif
images\static.gif
images\topic.png
images\ui-bg_glass_65_ffffff_1x400.png
images\uiTabsArrow.png
images\vgrabber.gif
css\csshover3.htc
css\dynatree\0.png
css\dynatree\1.png
css\dynatree\10.png
css\dynatree\11.png
css\dynatree\12.png
css\dynatree\13.png
css\dynatree\14.png
css\dynatree\15.png
css\dynatree\16.png
css\dynatree\17.png
css\dynatree\18.png
css\dynatree\19.png
css\dynatree\2.png
css\dynatree\20.png
css\dynatree\21.png
css\dynatree\22.png
css\dynatree\23.png
css\dynatree\24.png
css\dynatree\25.png
css\dynatree\26.png
css\dynatree\27.png
css\dynatree\28.png
css\dynatree\29.png
css\dynatree\3.png
css\dynatree\30.png
css\dynatree\31.png
css\dynatree\32.png
css\dynatree\33.png
css\dynatree\34.png
css\dynatree\35.png
css\dynatree\36.png
css\dynatree\37.png
css\dynatree\38.png
css\dynatree\39.png
css\dynatree\4.png
css\dynatree\40.png
css\dynatree\41.png
css\dynatree\5.png
css\dynatree\6.png
css\dynatree\7.png
css\dynatree\8.png
css\dynatree\9.png
css\dynatree\icons.gif
css\dynatree\loading.gif
css\dynatree\ui.dynatree.css
css\dynatree\vline.gif
css\editor.css
css\highlighter.css
css\ielte8.css
css\presentation.css
css\reset.css
css\smoothness\images\animated-overlay.gif
css\smoothness\images\ui-bg_flat_0_aaaaaa_40x100.png
css\smoothness\images\ui-bg_flat_75_ffffff_40x100.png
css\smoothness\images\ui-bg_glass_55_fbf9ee_1x400.png
css\smoothness\images\ui-bg_glass_65_ffffff_1x400.png
css\smoothness\images\ui-bg_glass_75_dadada_1x400.png
css\smoothness\images\ui-bg_glass_75_e6e6e6_1x400.png
css\smoothness\images\ui-bg_glass_95_fef1ec_1x400.png
css\smoothness\images\ui-bg_highlight-soft_75_cccccc_1x100.png
css\smoothness\images\ui-icons_222222_256x240.png
css\smoothness\images\ui-icons_2e83ff_256x240.png
css\smoothness\images\ui-icons_454545_256x240.png
css\smoothness\images\ui-icons_888888_256x240.png
css\smoothness\images\ui-icons_cd0a0a_256x240.png
css\smoothness\jquery-ui.css
css\toc.css
js\di.designer.js
js\di.js
js\di.toc.js
js\highlight.min.js
js\jquery-migrate.min.js
js\jquery-ui.min.js
js\jquery.cookie.js
js\jquery.dynatree.min.js
js\jquery.min.js
js\jquery.textchange.min.js
js\splitter.js
neTabControl.hhc
neTabControl.hhk
neTabControlPackage.htm
neTabControl.htm
neTabControl_Classes.htm
neTabControl.THintPanel.htm
neTabControl.THintPanel_Properties.htm
neTabControl.THintPanel.HintStyle.htm
neTabControl.THintPanel.HintText.htm
neTabControl.THintPanel_Methods.htm
neTabControl.THintPanel.ApplyStyle.htm
neTabControl.THintPanel.SetHintStyle.htm
neTabControl.THintPanel.SetHintText.htm
neTabControl.THintPanel_Fields.htm
neTabControl.THintPanel.fHintStyle.htm
neTabControl.THintPanel.fHintText.htm
neTabControl.TneTabControl.htm
neTabControl.TneTabControl_Constructors.htm
neTabControl.TneTabControl.Create.htm
neTabControl.TneTabControl.Destroy.htm
neTabControl.TneTabControl_Properties.htm
neTabControl.TneTabControl.ActiveTag.htm
neTabControl.TneTabControl.CloseAllOtherTabsLabel.htm
neTabControl.TneTabControl.CloseImageHover.htm
neTabControl.TneTabControl.CloseImageNormal.htm
neTabControl.TneTabControl.CloseImagePressed.htm
neTabControl.TneTabControl.CloseTabLabel.htm
neTabControl.TneTabControl.CloseTabOnDoubleClick.htm
neTabControl.TneTabControl.DisablePopupMenu.htm
neTabControl.TneTabControl.HintShowDelay.htm
neTabControl.TneTabControl.HintStyle.htm
neTabControl.TneTabControl.MaxTabWidth.htm
neTabControl.TneTabControl.MinTabWidth.htm
neTabControl.TneTabControl.PopupAfterDefault.htm
neTabControl.TneTabControl.PopupBeforeDefault.htm
neTabControl.TneTabControl.Version.htm
neTabControl.TneTabControl_Methods.htm
neTabControl.TneTabControl.AddTab(string,TFrame).htm
neTabControl.TneTabControl.AddTab(string,TneTabItem,TFrame).htm
neTabControl.TneTabControl.AddTab(string,TTabItem,TFrame).htm
neTabControl.TneTabControl.CleanUpTabs.htm
neTabControl.TneTabControl.DblClick.htm
neTabControl.TneTabControl.DeleteAllTabs.htm
neTabControl.TneTabControl.DeleteTab.htm
neTabControl.TneTabControl.DoChange.htm
neTabControl.TneTabControl.FindTabOrderFromTag.htm
neTabControl.TneTabControl.FindTagFromTabOrder.htm
neTabControl.TneTabControl.GetActiveTag.htm
neTabControl.TneTabControl.GetFrame.htm
neTabControl.TneTabControl.GetLastVisitedTag.htm
neTabControl.TneTabControl.GetTab.htm
neTabControl.TneTabControl.GetTabsTags.htm
neTabControl.TneTabControl.GetTabsText.htm
neTabControl.TneTabControl.GetVersion.htm
neTabControl.TneTabControl.InsertTab(string,Integer,TFrame).htm
neTabControl.TneTabControl.InsertTab(string,Integer,TneTabItem,TFrame).htm
neTabControl.TneTabControl.MouseEnterTabItem.htm
neTabControl.TneTabControl.MouseExitTabItem.htm
neTabControl.TneTabControl.MouseMoveOverTabItem.htm
neTabControl.TneTabControl.OnHintTimer.htm
neTabControl.TneTabControl.OnPopUpChangeTab.htm
neTabControl.TneTabControl.OnPopUpMenuClose.htm
neTabControl.TneTabControl.OnPopUpMenuCloseAllOtherTabs.htm
neTabControl.TneTabControl.SaveTabs.htm
neTabControl.TneTabControl.SetActiveTab.htm
neTabControl.TneTabControl.SetHintShowDelay.htm
neTabControl.TneTabControl.SetHintSTyle.htm
neTabControl.TneTabControl.SetMaxTabWidth.htm
neTabControl.TneTabControl.SetMinTabWidth.htm
neTabControl.TneTabControl.ShowPopUpMenu.htm
neTabControl.TneTabControl_Events.htm
neTabControl.TneTabControl.OnAfterDelete.htm
neTabControl.TneTabControl.OnBeforeDelete.htm
neTabControl.TneTabControl_Fields.htm
neTabControl.TneTabControl.fCloseAllOtherTabsLabel.htm
neTabControl.TneTabControl.fCloseImageHover.htm
neTabControl.TneTabControl.fCloseImageNormal.htm
neTabControl.TneTabControl.fCloseImagePressed.htm
neTabControl.TneTabControl.fCloseTabLabel.htm
neTabControl.TneTabControl.fCloseTabOnDoubleClick.htm
neTabControl.TneTabControl.fCurrentNETabItem.htm
neTabControl.TneTabControl.fDictionaryFrames.htm
neTabControl.TneTabControl.fDictionaryTabs.htm
neTabControl.TneTabControl.fDisablePopupMenu.htm
neTabControl.TneTabControl.fHintPanel.htm
neTabControl.TneTabControl.fHintPopup.htm
neTabControl.TneTabControl.fHintShowDelay.htm
neTabControl.TneTabControl.fHintStyle.htm
neTabControl.TneTabControl.fHintTimer.htm
neTabControl.TneTabControl.fHistoryTags.htm
neTabControl.TneTabControl.fMaxTabWidth.htm
neTabControl.TneTabControl.fMinTabWidth.htm
neTabControl.TneTabControl.fOnAfterDelete.htm
neTabControl.TneTabControl.fOnBeforeDelete.htm
neTabControl.TneTabControl.fPopupAfterDefaultMenu.htm
neTabControl.TneTabControl.fPopupBeforeDefaultMenu.htm
neTabControl.TneTabControl.fVersion.htm
neTabControl.TneTabItem.htm
neTabControl.TneTabItem_Constructors.htm
neTabControl.TneTabItem.Create.htm
neTabControl.TneTabItem_Properties.htm
neTabControl.TneTabItem.CanClose.htm
neTabControl.TneTabItem.CloseImageHover.htm
neTabControl.TneTabItem.CloseImageNormal.htm
neTabControl.TneTabItem.CloseImagePressed.htm
neTabControl.TneTabItem.Deleted.htm
neTabControl.TneTabItem.Icon.htm
neTabControl.TneTabItem.Identifier.htm
neTabControl.TneTabItem.ShowIcon.htm
neTabControl.TneTabItem.TabControlParent.htm
neTabControl.TneTabItem.TagVariant.htm
neTabControl.TneTabItem.Version.htm
neTabControl.TneTabItem_Methods.htm
neTabControl.TneTabItem.AdjustTabWidth.htm
neTabControl.TneTabItem.ApplyStyle.htm
neTabControl.TneTabItem.DblClick.htm
neTabControl.TneTabItem.GetVersion.htm
neTabControl.TneTabItem.MouseClick.htm
neTabControl.TneTabItem.MouseDown.htm
neTabControl.TneTabItem.MouseUp.htm
neTabControl.TneTabItem.NewOnMouseEnter.htm
neTabControl.TneTabItem.NewOnMouseLeave.htm
neTabControl.TneTabItem.NewOnMouseMove.htm
neTabControl.TneTabItem.OnCloseImageClick.htm
neTabControl.TneTabItem.OnCloseImageHoverClick.htm
neTabControl.TneTabItem.OnCloseImageLeave.htm
neTabControl.TneTabItem.OnCloseImageMouseDown.htm
neTabControl.TneTabItem.OnCloseImageMouseUp.htm
neTabControl.TneTabItem.SetCanClose.htm
neTabControl.TneTabItem.SetCloseImageHover.htm
neTabControl.TneTabItem.SetCloseImageNormal.htm
neTabControl.TneTabItem.SetCloseImagePressed.htm
neTabControl.TneTabItem.SetIcon.htm
neTabControl.TneTabItem.SetShowIcon.htm
neTabControl.TneTabItem_Fields.htm
neTabControl.TneTabItem.fCanClose.htm
neTabControl.TneTabItem.fCloseImageHover.htm
neTabControl.TneTabItem.fCloseImageNormal.htm
neTabControl.TneTabItem.fCloseImagePressed.htm
neTabControl.TneTabItem.fDeleted.htm
neTabControl.TneTabItem.fIcon.htm
neTabControl.TneTabItem.fIdentifier.htm
neTabControl.TneTabItem.fIsMousePressed.htm
neTabControl.TneTabItem.fShowIcon.htm
neTabControl.TneTabItem.fTabControlParent.htm
neTabControl.TneTabItem.fTagVariant.htm
neTabControl.TneTabItem.fVersion.htm
neTabControl_Enumerations.htm
neTabControl.TExportElements.htm
neTabControl.THintStyle.htm
neTabControl_Delegates.htm
neTabControl.TOnAfterDelete.htm
neTabControl.TOnBeforeDelete.htm
neTabControl_Types.htm
neTabControl.TExportElementsSet.htm
neTabControl.TSetOfString.htm
neTabControl_Constants.htm
neTabControl.BugVersion.htm
neTabControl.MajorVersion.htm
neTabControl.MinorVersion.htm
neTabControl_Routines.htm
neTabControl.FindParentForm.htm
neTabControl.FindParentNeTabItem.htm
neTabControl.Register.htm
neTabControl.ResizeBitmap.htm
HHC5013: Error: URL reference in the TOC cannot be resolved: "neTabControl.TneTabControl.AddTab(string%2CTFrame).htm".
HHC5013: Error: URL reference in the TOC cannot be resolved: "neTabControl.TneTabControl.AddTab(string%2CTneTabItem%2CTFrame).htm".
HHC5013: Error: URL reference in the TOC cannot be resolved: "neTabControl.TneTabControl.AddTab(string%2CTTabItem%2CTFrame).htm".
HHC5013: Error: URL reference in the TOC cannot be resolved: "neTabControl.TneTabControl.InsertTab(string%2CInteger%2CTFrame).htm".
HHC5013: Error: URL reference in the TOC cannot be resolved: "neTabControl.TneTabControl.InsertTab(string%2CInteger%2CTneTabItem%2CTFrame).htm".


The following files were not compiled:
