Microsoft HTML Help Compiler 4.74.8702

Compiling z:\NusEnvision\Components\Delphi\neTabControl\Development\Documentation\CHM\neTabControl.chm

images\alert_caution.gif
images\alert_note.gif
images\alert_security.gif
images\book-closed.png
images\book.png
images\box.gif
images\Caution.gif
images\circle.gif
images\collall.gif
images\collapse.gif
images\collapse_all.gif
images\collapsing.png
images\copycode.gif
images\copycodeHighlight.gif
images\dropdown.gif
images\dropdownHover.gif
images\drpdown.gif
images\drpdown_orange.gif
images\drpdown_orange_up.gif
images\drpup.gif
images\exp.gif
images\expall.gif
images\expand.gif
images\expanding.png
images\expand_all.gif
images\filter1a.gif
images\filter1c.gif
images\footer-bg.png
images\footer.gif
images\gradient.gif
images\greencheck.gif
images\greychck.gif
images\header-bg.png
images\hmtoggle_plus0.gif
images\hmtoggle_plus1.gif
images\iconErrorTop.png
images\ImageSprite.png
images\LastChild.gif
images\load.gif
images\load_hover.gif
images\namespace.png
images\note.gif
images\note.png
images\pencil.GIF
images\privclass.gif
images\privdelegate.gif
images\privenum.gif
images\privenumeration.gif
images\privenummember.png
images\privevent.gif
images\privextension.gif
images\privfield.gif
images\privinterface.gif
images\privmethod.gif
images\privproperty.gif
images\privstructure.gif
images\protclass.gif
images\protdelegate.gif
images\protenum.gif
images\protenumeration.gif
images\protenummember.png
images\protevent.gif
images\protextension.gif
images\protfield.gif
images\protinterface.gif
images\protmethod.gif
images\protoperator.gif
images\protproperty.gif
images\protstructure.gif
images\pubclass.gif
images\pubdelegate.gif
images\pubenum.gif
images\pubenumeration.gif
images\pubenummember.png
images\pubevent.gif
images\pubextension.gif
images\pubfield.gif
images\pubinterface.gif
images\pubmethod.gif
images\puboperator.gif
images\pubproperty.gif
images\pubstructure.gif
images\requirements1a.gif
images\requirements1c.gif
images\save.gif
images\save_hover.gif
images\security.gif
images\seealso1a.gif
images\seealso1c.gif
images\static.gif
images\topic.png
images\ui-bg_glass_65_ffffff_1x400.png
images\uiTabsArrow.png
images\vgrabber.gif
css\csshover3.htc
css\dynatree\0.png
css\dynatree\1.png
css\dynatree\10.png
css\dynatree\11.png
css\dynatree\12.png
css\dynatree\13.png
css\dynatree\14.png
css\dynatree\15.png
css\dynatree\16.png
css\dynatree\17.png
css\dynatree\18.png
css\dynatree\19.png
css\dynatree\2.png
css\dynatree\20.png
css\dynatree\21.png
css\dynatree\22.png
css\dynatree\23.png
css\dynatree\24.png
css\dynatree\25.png
css\dynatree\26.png
css\dynatree\27.png
css\dynatree\28.png
css\dynatree\29.png
css\dynatree\3.png
css\dynatree\30.png
css\dynatree\31.png
css\dynatree\32.png
css\dynatree\33.png
css\dynatree\34.png
css\dynatree\35.png
css\dynatree\36.png
css\dynatree\37.png
css\dynatree\38.png
css\dynatree\39.png
css\dynatree\4.png
css\dynatree\40.png
css\dynatree\41.png
css\dynatree\5.png
css\dynatree\6.png
css\dynatree\7.png
css\dynatree\8.png
css\dynatree\9.png
css\dynatree\icons.gif
css\dynatree\loading.gif
css\dynatree\ui.dynatree.css
css\dynatree\vline.gif
css\editor.css
css\highlighter.css
css\ielte8.css
css\presentation.css
css\reset.css
css\smoothness\images\animated-overlay.gif
css\smoothness\images\ui-bg_flat_0_aaaaaa_40x100.png
css\smoothness\images\ui-bg_flat_75_ffffff_40x100.png
css\smoothness\images\ui-bg_glass_55_fbf9ee_1x400.png
css\smoothness\images\ui-bg_glass_65_ffffff_1x400.png
css\smoothness\images\ui-bg_glass_75_dadada_1x400.png
css\smoothness\images\ui-bg_glass_75_e6e6e6_1x400.png
css\smoothness\images\ui-bg_glass_95_fef1ec_1x400.png
css\smoothness\images\ui-bg_highlight-soft_75_cccccc_1x100.png
css\smoothness\images\ui-icons_222222_256x240.png
css\smoothness\images\ui-icons_2e83ff_256x240.png
css\smoothness\images\ui-icons_454545_256x240.png
css\smoothness\images\ui-icons_888888_256x240.png
css\smoothness\images\ui-icons_cd0a0a_256x240.png
css\smoothness\jquery-ui.css
css\toc.css
js\di.designer.js
js\di.js
js\di.toc.js
js\highlight.min.js
js\jquery-migrate.min.js
js\jquery-ui.min.js
js\jquery.cookie.js
js\jquery.dynatree.min.js
js\jquery.min.js
js\jquery.textchange.min.js
js\splitter.js
neTabControl.hhc
neTabControl.hhk
neTabControlPackage.htm
neTabControl.htm
neTabControl_Classes.htm
neTabControl.TneTabControl.htm
neTabControl.TneTabControl_Constructors.htm
neTabControl.TneTabControl.Create.htm
neTabControl.TneTabControl.Destroy.htm
neTabControl.TneTabControl_Properties.htm
neTabControl.TneTabControl.ActiveTab.htm
neTabControl.TneTabControl.ActiveTag.htm
neTabControl.TneTabControl.Align.htm
neTabControl.TneTabControl.Anchors.htm
neTabControl.TneTabControl.CanParentFocus.htm
neTabControl.TneTabControl.ClipChildren.htm
neTabControl.TneTabControl.ClipParent.htm
neTabControl.TneTabControl.CloseAllOtherTabsText.htm
neTabControl.TneTabControl.CloseAllTabsText.htm
neTabControl.TneTabControl.CloseImageHover.htm
neTabControl.TneTabControl.CloseImageNormal.htm
neTabControl.TneTabControl.CloseImagePressed.htm
neTabControl.TneTabControl.CloseTabText.htm
neTabControl.TneTabControl.Cursor.htm
neTabControl.TneTabControl.DisableFocusEffect.htm
neTabControl.TneTabControl.DragMode.htm
neTabControl.TneTabControl.Enabled.htm
neTabControl.TneTabControl.EnableDragHighlight.htm
neTabControl.TneTabControl.Height.htm
neTabControl.TneTabControl.HitTest.htm
neTabControl.TneTabControl.Locked.htm
neTabControl.TneTabControl.Margins.htm
neTabControl.TneTabControl.OnApplyStyleLookup.htm
neTabControl.TneTabControl.OnCanFocus.htm
neTabControl.TneTabControl.OnChange.htm
neTabControl.TneTabControl.OnClick.htm
neTabControl.TneTabControl.OnDblClick.htm
neTabControl.TneTabControl.OnDragDrop.htm
neTabControl.TneTabControl.OnDragEnd.htm
neTabControl.TneTabControl.OnDragEnter.htm
neTabControl.TneTabControl.OnDragLeave.htm
neTabControl.TneTabControl.OnDragOver.htm
neTabControl.TneTabControl.OnEnter.htm
neTabControl.TneTabControl.OnExit.htm
neTabControl.TneTabControl.OnKeyDown.htm
neTabControl.TneTabControl.OnKeyUp.htm
neTabControl.TneTabControl.OnMouseDown.htm
neTabControl.TneTabControl.OnMouseEnter.htm
neTabControl.TneTabControl.OnMouseLeave.htm
neTabControl.TneTabControl.OnMouseMove.htm
neTabControl.TneTabControl.OnMouseUp.htm
neTabControl.TneTabControl.OnMouseWheel.htm
neTabControl.TneTabControl.OnPaint.htm
neTabControl.TneTabControl.OnPainting.htm
neTabControl.TneTabControl.OnResize.htm
neTabControl.TneTabControl.Opacity.htm
neTabControl.TneTabControl.Padding.htm
neTabControl.TneTabControl.PopupMenu.htm
neTabControl.TneTabControl.Position.htm
neTabControl.TneTabControl.RotationAngle.htm
neTabControl.TneTabControl.RotationCenter.htm
neTabControl.TneTabControl.Scale.htm
neTabControl.TneTabControl.Size.htm
neTabControl.TneTabControl.StyleLookup.htm
neTabControl.TneTabControl.TabCount.htm
neTabControl.TneTabControl.TabHeight.htm
neTabControl.TneTabControl.TabOrder.htm
neTabControl.TneTabControl.TabPosition.htm
neTabControl.TneTabControl.Version.htm
neTabControl.TneTabControl.Visible.htm
neTabControl.TneTabControl.Width.htm
neTabControl.TneTabControl_Methods.htm
neTabControl.TneTabControl.AddSidebarControl.htm
neTabControl.TneTabControl.AddTab(string).htm
neTabControl.TneTabControl.AddTab(string,TneTabItem).htm
neTabControl.TneTabControl.AddTab(string,TneTabItem,TFrame).htm
neTabControl.TneTabControl.DeleteSidebarControl.htm
neTabControl.TneTabControl.DeleteTab.htm
neTabControl.TneTabControl.GetControl.htm
neTabControl.TneTabControl.GetSidebarControl.htm
neTabControl.TneTabControl.GetSidebarControlCount.htm
neTabControl.TneTabControl.GetTab.htm
neTabControl.TneTabControl.GetTabItemsList.htm
neTabControl.TneTabControl.GetTag.htm
neTabControl.TneTabControl.GetTagList.htm
neTabControl.TneTabControl.InsertTab(string,integer).htm
neTabControl.TneTabControl.InsertTab(string,integer,TneTabItem).htm
neTabControl.TneTabControl.InsertTab(string,integer,TneTabItem,TFrame).htm
neTabControl.TneTabControl.RefreshControl(string).htm
neTabControl.TneTabControl.RefreshTabHeight(string).htm
neTabControl.TneTabControl.SaveTabs.htm
neTabControl.TneTabControl.ToggleVisible.htm
neTabControl.TneTabControl_Events.htm
neTabControl.TneTabControl.OnAfterAddItem.htm
neTabControl.TneTabControl.OnAfterAddSidebarControl.htm
neTabControl.TneTabControl.OnAfterDeleteItem.htm
neTabControl.TneTabControl.OnAfterDeleteSidebarControl.htm
neTabControl.TneTabControl.OnBeforeAddItem.htm
neTabControl.TneTabControl.OnBeforeAddSidebarControl.htm
neTabControl.TneTabControl.OnBeforeDeleteItem.htm
neTabControl.TneTabControl.OnBeforeDeleteSidebarControl.htm
neTabControl.TneTabControl.OnBeforePopupMenu.htm
neTabControl_Enumerations.htm
neTabControl.TneSibebarControlPosition.htm
neTabControl.TneTabPosition.htm
neTabControl_Delegates.htm
neTabControl.TOnAfterAddItem.htm
neTabControl.TOnAfterAddSidebarControl.htm
neTabControl.TOnAfterDeleteItem.htm
neTabControl.TOnAfterDeleteSidebarControl.htm
neTabControl.TOnBeforeAddItem.htm
neTabControl.TOnBeforeAddSibarControl.htm
neTabControl.TOnBeforeDeleteItem.htm
neTabControl.TOnBeforeDeleteSidebarControl.htm
neTabControl.TOnBeforePopupMenu.htm
neTabControl_Constants.htm
neTabControl.BugVersion.htm
neTabControl.MajorVersion.htm
neTabControl.MinorVersion.htm
neTabControl_Routines.htm
neTabControl.GetTabControl.htm
neTabControl.Register.htm
neTabGeneralUtils.htm
neTabGeneralUtils_Constants.htm
neTabGeneralUtils.BugVersion.htm
neTabGeneralUtils.MajorVersion.htm
neTabGeneralUtils.MinorVersion.htm
neTabGeneralUtils_Routines.htm
neTabGeneralUtils.FindParentForm.htm
neTabGeneralUtils.LoadImageFromResources.htm
neTabItem.htm
neTabItem_Classes.htm
neTabItem.TneCloseImageControl.htm
neTabItem.TneCloseImageControl_Constructors.htm
neTabItem.TneCloseImageControl.Create.htm
neTabItem.TneCloseImageControl.Destroy.htm
neTabItem.TneCloseImageControl_Properties.htm
neTabItem.TneCloseImageControl.CloseImage.htm
neTabItem.TneCloseImageControl_Methods.htm
neTabItem.TneCloseImageControl.SetCloseImage.htm
neTabItem.TneControl.htm
neTabItem.TneControl_Properties.htm
neTabItem.TneControl.InnerControl.htm
neTabItem.TneTabItem.htm
neTabItem.TneTabItem_Constructors.htm
neTabItem.TneTabItem.Create.htm
neTabItem.TneTabItem.Destroy.htm
neTabItem.TneTabItem_Properties.htm
neTabItem.TneTabItem.CanClose.htm
neTabItem.TneTabItem.CloseImageHover.htm
neTabItem.TneTabItem.CloseImageNormal.htm
neTabItem.TneTabItem.CloseImagePressed.htm
neTabItem.TneTabItem.ControlToShow.htm
neTabItem.TneTabItem.MaxTabWidth.htm
neTabItem.TneTabItem.MinTabWidth.htm
neTabItem.TneTabItem.PopupMenuAfterDefault.htm
neTabItem.TneTabItem.PopupMenuBeforeDefault.htm
neTabItem.TneTabItem.Provider.htm
neTabItem.TneTabItem.ShowControl.htm
neTabItem.TneTabItem.ShowPopupMenu.htm
neTabItem.TneTabItem.TabTag.htm
neTabItem.TneTabItem.TabWidth.htm
neTabItem.TneTabItem_Methods.htm
neTabItem.TneTabItem.ApplyStyle.htm
neTabItem.TneTabItem.DoMouseLeave.htm
neTabItem.TneTabItem.MouseClick.htm
neTabItem.TneTabItem.MouseMove.htm
neTabItem.TneTabItem.RefreshControl.htm
neTabItem_Enumerations.htm
neTabItem.TCloseImagesType.htm
neTabItem.TMouseState.htm
neTabItem_Constants.htm
neTabItem.BugVersion.htm
neTabItem.MajorVersion.htm
neTabItem.MinorVersion.htm
neTabItem_Routines.htm
neTabItem.register.htm
neTabTypes.htm
neTabTypes_Classes.htm
neTabTypes.THistoryClass.htm
neTabTypes.THistoryClass_Constructors.htm
neTabTypes.THistoryClass.Create.htm
neTabTypes.THistoryClass.Destroy.htm
neTabTypes.THistoryClass_Methods.htm
neTabTypes.THistoryClass.AddHistory.htm
neTabTypes.THistoryClass.DeleteHistory.htm
neTabTypes.THistoryClass.GetLastEntry.htm
neTabTypes.TneNotificationClass.htm
neTabTypes.TneNotificationClass_Properties.htm
neTabTypes.TneNotificationClass.Action.htm
neTabTypes.TneNotificationClass.Point.htm
neTabTypes.TneNotificationClass.PopupAfter.htm
neTabTypes.TneNotificationClass.PopupBefore.htm
neTabTypes.TneNotificationClass.PopupDefault.htm
neTabTypes.TneNotificationClass.Sender.htm
neTabTypes.TneNotificationClass.Value.htm
neTabTypes.TneNotificationClass.ValueInt.htm
neTabTypes.TneTimer.htm
neTabTypes.TneTimer_Fields.htm
neTabTypes.TneTimer.Action.htm
neTabTypes.TneTimer.Value.htm
neTabTypes_Enumerations.htm
neTabTypes.TExportElement.htm
neTabTypes_Types.htm
neTabTypes.TExportElements.htm
neTabTypes.TSetOfStrings.htm
neTabTypes_Constants.htm
neTabTypes.BugVersion.htm
neTabTypes.MajorVersion.htm
neTabTypes.MinorVersion.htm
neTabTypes.SCloseAllTabs.htm
neTabTypes.SCloseOtherTabs.htm
neTabTypes.SCloseTab.htm


The following files were not compiled:
